e:\workgitlab\bx.y.sdk.c\sdk[windows]\cplus\bx_y_sdk\bx_y_sdk\debug\base64.obj
e:\workgitlab\bx.y.sdk.c\sdk[windows]\cplus\bx_y_sdk\bx_y_sdk\debug\ledysdk.obj
e:\workgitlab\bx.y.sdk.c\sdk[windows]\cplus\bx_y_sdk\bx_y_sdk\debug\vc100.pdb
e:\workgitlab\bx.y.sdk.c\sdk[windows]\cplus\bx_y_sdk\debug\bx_y_sdk.ilk
e:\workgitlab\bx.y.sdk.c\sdk[windows]\cplus\bx_y_sdk\debug\bx_y_sdk.exe
e:\workgitlab\bx.y.sdk.c\sdk[windows]\cplus\bx_y_sdk\bx_y_sdk\debug\bx_y_sdk.exe.intermediate.manifest
e:\workgitlab\bx.y.sdk.c\sdk[windows]\cplus\bx_y_sdk\debug\bx_y_sdk.pdb
e:\workgitlab\bx.y.sdk.c\sdk[windows]\cplus\bx_y_sdk\bx_y_sdk\debug\bx_y_sdk.exe.embed.manifest
e:\workgitlab\bx.y.sdk.c\sdk[windows]\cplus\bx_y_sdk\bx_y_sdk\debug\bx_y_sdk.exe.embed.manifest.res
d:\onedrive\桌面\y_sdk22.11.14\bx.y.sdk\sdk[windows]\cplus\bx_y_sdk\bx_y_sdk\debug\base64.obj
d:\onedrive\桌面\y_sdk22.11.14\bx.y.sdk\sdk[windows]\cplus\bx_y_sdk\bx_y_sdk\debug\ledysdk.obj
d:\onedrive\桌面\y_sdk22.11.14\bx.y.sdk\sdk[windows]\cplus\bx_y_sdk\bx_y_sdk\debug\bx_y_sdk.write.1.tlog
d:\onedrive\桌面\y_sdk22.11.14\bx.y.sdk\sdk[windows]\cplus\bx_y_sdk\bx_y_sdk\debug\cl.command.1.tlog
d:\onedrive\桌面\y_sdk22.11.14\bx.y.sdk\sdk[windows]\cplus\bx_y_sdk\bx_y_sdk\debug\cl.read.1.tlog
d:\onedrive\桌面\y_sdk22.11.14\bx.y.sdk\sdk[windows]\cplus\bx_y_sdk\bx_y_sdk\debug\cl.write.1.tlog
d:\onedrive\桌面\y_sdk22.11.14\bx.y.sdk\sdk[windows]\cplus\bx_y_sdk\bx_y_sdk\debug\link-cvtres.read.1.tlog
d:\onedrive\桌面\y_sdk22.11.14\bx.y.sdk\sdk[windows]\cplus\bx_y_sdk\bx_y_sdk\debug\link-cvtres.write.1.tlog
d:\onedrive\桌面\y_sdk22.11.14\bx.y.sdk\sdk[windows]\cplus\bx_y_sdk\bx_y_sdk\debug\link.12884-cvtres.read.1.tlog
d:\onedrive\桌面\y_sdk22.11.14\bx.y.sdk\sdk[windows]\cplus\bx_y_sdk\bx_y_sdk\debug\link.12884-cvtres.write.1.tlog
d:\onedrive\桌面\y_sdk22.11.14\bx.y.sdk\sdk[windows]\cplus\bx_y_sdk\bx_y_sdk\debug\link.12884.read.1.tlog
d:\onedrive\桌面\y_sdk22.11.14\bx.y.sdk\sdk[windows]\cplus\bx_y_sdk\bx_y_sdk\debug\link.12884.write.1.tlog
d:\onedrive\桌面\y_sdk22.11.14\bx.y.sdk\sdk[windows]\cplus\bx_y_sdk\bx_y_sdk\debug\link.command.1.tlog
d:\onedrive\桌面\y_sdk22.11.14\bx.y.sdk\sdk[windows]\cplus\bx_y_sdk\bx_y_sdk\debug\link.read.1.tlog
d:\onedrive\桌面\y_sdk22.11.14\bx.y.sdk\sdk[windows]\cplus\bx_y_sdk\bx_y_sdk\debug\link.write.1.tlog
d:\onedrive\桌面\y_sdk22.11.14\bx.y.sdk\sdk[windows]\cplus\bx_y_sdk\bx_y_sdk\debug\mt.command.1.tlog
d:\onedrive\桌面\y_sdk22.11.14\bx.y.sdk\sdk[windows]\cplus\bx_y_sdk\bx_y_sdk\debug\mt.read.1.tlog
d:\onedrive\桌面\y_sdk22.11.14\bx.y.sdk\sdk[windows]\cplus\bx_y_sdk\bx_y_sdk\debug\mt.write.1.tlog
d:\onedrive\桌面\y_sdk22.11.14\bx.y.sdk\sdk[windows]\cplus\bx_y_sdk\bx_y_sdk\debug\rc.command.1.tlog
d:\onedrive\桌面\y_sdk22.11.14\bx.y.sdk\sdk[windows]\cplus\bx_y_sdk\bx_y_sdk\debug\rc.read.1.tlog
d:\onedrive\桌面\y_sdk22.11.14\bx.y.sdk\sdk[windows]\cplus\bx_y_sdk\bx_y_sdk\debug\rc.write.1.tlog
d:\onedrive\桌面\y_sdk22.11.14\bx.y.sdk\sdk[windows]\cplus\bx_y_sdk\bx_y_sdk\debug\bx_y_sdk.exe.embed.manifest
d:\onedrive\桌面\y_sdk22.11.14\bx.y.sdk\sdk[windows]\cplus\bx_y_sdk\bx_y_sdk\debug\bx_y_sdk.exe.intermediate.manifest
d:\onedrive\桌面\y_sdk22.11.14\bx.y.sdk\sdk[windows]\cplus\bx_y_sdk\bx_y_sdk\debug\bx_y_sdk.exe.embed.manifest.res
d:\onedrive\桌面\y_sdk22.11.14\bx.y.sdk\sdk[windows]\cplus\bx_y_sdk\bx_y_sdk\debug\vc100.idb
d:\onedrive\桌面\y_sdk22.11.14\bx.y.sdk\sdk[windows]\cplus\bx_y_sdk\bx_y_sdk\debug\vc100.pdb
d:\onedrive\桌面\y_sdk22.11.14\bx.y.sdk\sdk[windows]\cplus\bx_y_sdk\bx_y_sdk\debug\bx_y_sdk_manifest.rc
d:\onedrive\桌面\y_sdk22.11.14\bx.y.sdk\sdk[windows]\cplus\bx_y_sdk\debug\bx_y_sdk.pdb
d:\onedrive\桌面\y_sdk22.11.14\bx.y.sdk\sdk[windows]\cplus\bx_y_sdk\debug\bx_y_sdk.exe
d:\onedrive\桌面\y_sdk22.11.14\bx.y.sdk\sdk[windows]\cplus\bx_y_sdk\debug\bx_y_sdk.ilk
